1
2
5
9
8
6
01
11
21
51
91
81
61
02
12
22
52
92
82
62
05
15
25
55
95
85
65
09
19
29
59
99
89
69
08
18
28
58
98
88
68
06
16
26
56
96
86
66
001
101
201
501
901
801
601
011
111
211
511
911
811
611
021
121
221
521
921
821
621
051
151
251
551
951
851
651
091
191
291
591
991
891
691
081
181
281
581
981
881
681
061
161
261
561
961
861
661
002
102
202
502
902
802
602
012
112
212
512
912
812
612
022
122
222
522
922
822
622
052
152
252
552
952
852
652
092
192
292
592
992
892
692
082
182
282
582
982
882
682
062
162
262
562
962
862
662
005
105
205
505
905
805
605
015
115
215
515
915
815
615
025
125
225
525
925
825
625
055
155
255
555
955
855
655
095
195
295
595
995
895
695
085
185
285
585
985
885
685
065
165
265
565
965
865
665
009
109
209
509
909
809
609
019
119
219
519
919
819
619
029
129
229
529
929
829
629
059
159
259
559
959
859
659
099
199
299
599
999
899
699
089
189
289
589
989
889
689
069
169
269
569
969
869
669
008
108
208
508
908
808
608
018
118
218
518
918
818
618
028
128
228
528
928
828
628
058
158
258
558
958
858
658
098
198
298
598
998
898
698
088
188
288
588
988
888
688
068
168
268
568
968
868
668
006
106
206
506
906
806
606
016
116
216
516
916
816
616
026
126
226
526
926
826
626
056
156
256
556
956
856
656
096
196
296
596
996
896
696
086
186
286
586
986
886
686
066
166
266
566
966
866
666
0001
1001
2001
5001
9001
8001
6001
0101
1101
2101
5101
9101
8101
6101
0201
1201
2201
5201
9201
8201
6201
0501
1501
2501
5501
9501
8501
6501
0901
1901
2901
5901
9901
8901
6901
0801
1801
2801
5801
9801
8801
6801
0601
1601
2601
5601
9601
8601
6601
0011
1011
2011
5011
9011
8011
6011
0111
1111
2111
5111
9111
8111
6111
0211
1211
2211
5211
9211
8211
6211
0511
1511
2511
5511
9511
8511
6511
0911
1911
2911
5911
9911
8911
6911
0811
1811
2811
5811
9811
8811
6811
0611
1611
2611
5611
9611
8611
6611
0021
1021
2021
5021
9021
8021
6021
0121
1121
2121
5121
9121
8121
6121
0221
1221
2221
5221
9221
8221
6221
0521
1521
2521
5521
9521
8521
6521
0921
1921
2921
5921
9921
8921
6921
0821
1821
2821
5821
9821
8821
6821
0621
1621
2621
5621
9621
8621
6621
0051
1051
2051
5051
9051
8051
6051
0151
1151
2151
5151
9151
8151
6151
0251
1251
2251
5251
9251
8251
6251
0551
1551
2551
5551
9551
8551
6551
0951
1951
2951
5951
9951
8951
6951
0851
1851
2851
5851
9851
8851
6851
0651
1651
2651
5651
9651
8651
6651
0091
1091
2091
5091
9091
8091
6091
0191
1191
2191
5191
9191
8191
6191
0291
1291
2291
5291
9291
8291
6291
0591
1591
2591
5591
9591
8591
6591
0991
1991
2991
5991
9991
8991
6991
0891
1891
2891
5891
9891
8891
6891
0691
1691
2691
5691
9691
8691
6691
0081
1081
2081
5081
9081
8081
6081
0181
1181
2181
5181
9181
8181
6181
0281
1281
2281
5281
9281
8281
6281
0581
1581
2581
5581
9581
8581
6581
0981
1981
2981
5981
9981
8981
6981
0881
1881
2881
5881
9881
8881
6881
0681
1681
2681
5681
9681
8681
6681
0061
1061
2061
5061
9061
8061
6061
0161
1161
2161
5161
9161
8161
6161
0261
1261
2261
5261
9261
8261
6261
0561
1561
2561
5561
9561
8561
6561
0961
1961
2961
5961
9961
8961
6961
0861
1861
2861
5861
9861
8861
6861
0661
1661
2661
5661
9661
8661
6661
0002
1002
2002
5002
9002
8002
6002
0102
1102
2102
5102
9102
8102
6102
0202
1202
2202
5202
9202
8202
6202
0502
1502
2502
5502
9502
8502
6502
0902
1902
2902
5902
9902
8902
6902
0802
1802
2802
5802
9802
8802
6802
0602
1602
2602
5602
9602
8602
6602
0012
1012
2012
5012
9012
8012
6012
0112
1112
2112
5112
9112
8112
6112
0212
1212
2212
5212
9212
8212
6212
0512
1512
2512
5512
9512
8512
6512
0912
1912
2912
5912
9912
8912
6912
0812
1812
2812
5812
9812
8812
6812
0612
1612
2612
5612
9612
8612
6612
0022
1022
2022
5022
9022
8022
6022
0122
1122
2122
5122
9122
8122
6122
0222
1222
2222
5222
9222
8222
6222
0522
1522
2522
5522
9522
8522
6522
0922
1922
2922
5922
9922
8922
6922
0822
1822
2822
5822
9822
8822
6822
0622
1622
2622
5622
9622
8622
6622
0052
1052
2052
5052
9052
8052
6052
0152
1152
2152
5152
9152
8152
6152
0252
1252
2252
5252
9252
8252
6252
0552
1552
2552
5552
9552
8552
6552
0952
1952
2952
5952
9952
8952
6952
0852
1852
2852
5852
9852
8852
6852
0652
1652
2652
5652
9652
8652
6652
0092
1092
2092
5092
9092
8092
6092
0192
1192
2192
5192
9192
8192
6192
0292
1292
2292
5292
9292
8292
6292
0592
1592
2592
5592
9592
8592
6592
0992
1992
2992
5992
9992
8992
6992
0892
1892
2892
5892
9892
8892
6892
0692
1692
2692
5692
9692
8692
6692
0082
1082
2082
5082
9082
8082
6082
0182
1182
2182
5182
9182
8182
6182
0282
1282
2282
5282
9282
8282
6282
0582
1582
2582
5582
9582
8582
6582
0982
1982
2982
5982
9982
8982
6982
0882
1882
2882
5882
9882
8882
6882
0682
1682
2682
5682
9682
8682
6682
0062
1062
2062
5062
9062
8062
6062
0162
1162
2162
5162
9162
8162
6162
0262
1262
2262
5262
9262
8262
6262
0562
1562
2562
5562
9562
8562
6562
0962
1962
2962
5962
9962
8962
6962
0862
1862
2862
5862
9862
8862
6862
0662
1662
2662
5662
9662
8662
6662
0005
1005
2005
5005
9005
8005
6005
0105
1105
2105
5105
9105
8105
6105
0205
1205
2205
5205
9205
8205
6205
0505
1505
2505
5505
9505
8505
6505
0905
1905
2905
5905
9905
8905
6905
0805
1805
2805
5805
9805
8805
6805
0605
1605
2605
5605
9605
8605
6605
0015
1015
2015
5015
9015
8015
6015
0115
1115
2115
5115
9115
8115
6115
0215
1215
2215
5215
9215
8215
6215
0515
1515
2515
5515
9515
8515
6515
0915
1915
2915
5915
9915
8915
6915
0815
1815
2815
5815
9815
8815
6815
0615
1615
2615
5615
9615
8615
6615
0025
1025
2025
5025
9025
8025
6025
0125
1125
2125
5125
9125
8125
6125
0225
1225
2225
5225
9225
8225
6225
0525
1525
2525
5525
9525
8525
6525
0925
1925
2925
5925
9925
8925
6925
0825
1825
2825
5825
9825
8825
6825
0625
1625
2625
5625
9625
8625
6625
0055
1055
2055
5055
9055
8055
6055
0155
1155
2155
5155
9155
8155
6155
0255
1255
2255
5255
9255
8255
6255
0555
1555
2555
5555
9555
8555
6555
0955
1955
2955
5955
9955
8955
6955
0855
1855
2855
5855
9855
8855
6855
0655
1655
2655
5655
9655
8655
6655
0095
1095
2095
5095
9095
8095
6095
0195
1195
2195
5195
9195
8195
6195
0295
1295
2295
5295
9295
8295
6295
0595
1595
2595
5595
9595
8595
6595
0995
1995
2995
5995
9995
8995
6995
0895
1895
2895
5895
9895
8895
6895
0695
1695
2695
5695
9695
8695
6695
0085
1085
2085
5085
9085
8085
6085
0185
1185
2185
5185
9185
8185
6185
0285
1285
2285
5285
9285
8285
6285
0585
1585
2585
5585
9585
8585
6585
0985
1985
2985
5985
9985
8985
6985
0885
1885
2885
5885
9885
8885
6885
0685
1685
2685
5685
9685
8685
6685
0065
1065
2065
5065
9065
8065
6065
0165
1165
2165
5165
9165
8165
6165
0265
1265
2265
5265
9265
8265
6265
0565
1565
2565
5565
9565
8565
6565
0965
1965
2965
5965
9965
8965
6965
0865
1865
2865
5865
9865
8865
6865
0665
1665
2665
5665
9665
8665
6665
0009
1009
2009
5009
9009
8009
6009
0109
1109
2109
5109
9109
8109
6109
0209
1209
2209
5209
9209
8209
6209
0509
1509
2509
5509
9509
8509
6509
0909
1909
2909
5909
9909
8909
6909
0809
1809
2809
5809
9809
8809
6809
0609
1609
2609
5609
9609
8609
6609
0019
1019
2019
5019
9019
8019
6019
0119
1119
2119
5119
9119
8119
6119
0219
1219
2219
5219
9219
8219
6219
0519
1519
2519
5519
9519
8519
6519
0919
1919
2919
5919
9919
8919
6919
0819
1819
2819
5819
9819
8819
6819
0619
1619
2619
5619
9619
8619
6619
0029
1029
2029
5029
9029
8029
6029
0129
1129
2129
5129
9129
8129
6129
0229
1229
2229
5229
9229
8229
6229
0529
1529
2529
5529
9529
8529
6529
0929
1929
2929
5929
9929
8929
6929
0829
1829
2829
5829
9829
8829
6829
0629
1629
2629
5629
9629
8629
6629
0059
1059
2059
5059
9059
8059
6059
0159
1159
2159
5159
9159
8159
6159
0259
1259
2259
5259
9259
8259
6259
0559
1559
2559
5559
9559
8559
6559
0959
1959
2959
5959
9959
8959
6959
0859
1859
2859
5859
9859
8859
6859
0659
1659
2659
5659
9659
8659
6659
0099
1099
2099
5099
9099
8099
6099
0199
1199
2199
5199
9199
8199
6199
0299
1299
2299
5299
9299
8299
6299
0599
1599
2599
5599
9599
8599
6599
0999
1999
2999
5999
9999
8999
6999
0899
1899
2899
5899
9899
8899
6899
0699
1699
2699
5699
9699
8699
6699
0089
1089
2089
5089
9089
8089
6089
0189
1189
2189
5189
9189
8189
6189
0289
1289
2289
5289
9289
8289
6289
0589
1589
2589
5589
9589
8589
6589
0989
1989
2989
5989
9989
8989
6989
0889
1889
2889
5889
9889
8889
6889
0689
1689
2689
5689
9689
8689
6689
0069
1069
2069
5069
9069
8069
6069
0169
1169
2169
5169
9169
8169
6169
0269
1269
2269
5269
9269
8269
6269
0569
1569
2569
5569
9569
8569
6569
0969
1969
2969
5969
9969
8969
6969
0869
1869
2869
5869
9869
8869
6869
0669
1669
2669
5669
9669
8669
6669
0008
1008
2008
5008
9008
8008
6008
0108
1108
2108
5108
9108
8108
6108
0208
1208
2208
5208
9208
8208
6208
0508
1508
2508
5508
9508
8508
6508
0908
1908
2908
5908
9908
8908
6908
0808
1808
2808
5808
9808
8808
6808
0608
1608
2608
5608
9608
8608
6608
0018
1018
2018
5018
9018
8018
6018
0118
1118
2118
5118
9118
8118
6118
0218
1218
2218
5218
9218
8218
6218
0518
1518
2518
5518
9518
8518
6518
0918
1918
2918
5918
9918
8918
6918
0818
1818
2818
5818
9818
8818
6818
0618
1618
2618
5618
9618
8618
6618
0028
1028
2028
5028
9028
8028
6028
0128
1128
2128
5128
9128
8128
6128
0228
1228
2228
5228
9228
8228
6228
0528
1528
2528
5528
9528
8528
6528
0928
1928
2928
5928
9928
8928
6928
0828
1828
2828
5828
9828
8828
6828
0628
1628
2628
5628
9628
8628
6628
0058
1058
2058
5058
9058
8058
6058
0158
1158
2158
5158
9158
8158
6158
0258
1258
2258
5258
9258
8258
6258
0558
1558
2558
5558
9558
8558
6558
0958
1958
2958
5958
9958
8958
6958
0858
1858
2858
5858
9858
8858
6858
0658
1658
2658
5658
9658
8658
6658
0098
1098
2098
5098
9098
8098
6098
0198
1198
2198
5198
9198
8198
6198
0298
1298
2298
5298
9298
8298
6298
0598
1598
2598
5598
9598
8598
6598
0998
1998
2998
5998
9998
8998
6998
0898
1898
2898
5898
9898
8898
6898
0698
1698
2698
5698
9698
8698
6698
0088
1088
2088
5088
9088
8088
6088
0188
1188
2188
5188
9188
8188
6188
0288
1288
2288
5288
9288
8288
6288
0588
1588
2588
5588
9588
8588
6588
0988
1988
2988
5988
9988
8988
6988
0888
1888
2888
5888
9888
8888
6888
0688
1688
2688
5688
9688
8688
6688
0068
1068
2068
5068
9068
8068
6068
0168
1168
2168
5168
9168
8168
6168
0268
1268
2268
5268
9268
8268
6268
0568
1568
2568
5568
9568
8568
6568
0968
1968
2968
5968
9968
8968
6968
0868
1868
2868
5868
9868
8868
6868
0668
1668
2668
5668
9668
8668
6668
0006
1006
2006
5006
9006
8006
6006
0106
1106
2106
5106
9106
8106
6106
0206
1206
2206
5206
9206
8206
6206
0506
1506
2506
5506
9506
8506
6506
0906
1906
2906
5906
9906
8906
6906
0806
1806
2806
5806
9806
8806
6806
0606
1606
2606
5606
9606
8606
6606
0016
1016
2016
5016
9016
8016
6016
0116
1116
2116
5116
9116
8116
6116
0216
1216
2216
5216
9216
8216
6216
0516
1516
2516
5516
9516
8516
6516
0916
1916
2916
5916
9916
8916
6916
0816
1816
2816
5816
9816
8816
6816
0616
1616
2616
5616
9616
8616
6616
0026
1026
2026
5026
9026
8026
6026
0126
1126
2126
5126
9126
8126
6126
0226
1226
2226
5226
9226
8226
6226
0526
1526
2526
5526
9526
8526
6526
0926
1926
2926
5926
9926
8926
6926
0826
1826
2826
5826
9826
8826
6826
0626
1626
2626
5626
9626
8626
6626
0056
1056
2056
5056
9056
8056
6056
0156
1156
2156
5156
9156
8156
6156
0256
1256
2256
5256
9256
8256
6256
0556
1556
2556
5556
9556
8556
6556
0956
1956
2956
5956
9956
8956
6956
0856
1856
2856
5856
9856
8856
6856
0656
1656
2656
5656
9656
8656
6656
0096
1096
2096
5096
9096
8096
6096
0196
1196
2196
5196
9196
8196
6196
0296
1296
2296
5296
9296
8296
6296
0596
1596
2596
5596
9596
8596
6596
0996
1996
2996
5996
9996
8996
6996
0896
1896
2896
5896
9896
8896
6896
0696
1696
2696
5696
9696
8696
6696
0086
1086
2086
5086
9086
8086
6086
0186
1186
2186
5186
9186
8186
6186
0286
1286
2286
5286
9286
8286
6286
0586
1586
2586
5586
9586
8586
6586
0986
1986
2986
5986
9986
8986
6986
0886
1886
2886
5886
9886
8886
6886
0686
1686
2686
5686
9686
8686
6686
0066
1066
2066
5066
9066
8066
6066
0166
1166
2166
5166
9166
8166
6166
0266
1266
2266
5266
9266
8266
6266
0566
1566
2566
5566
9566
8566
6566
0966
1966
2966
5966
9966
8966
6966
0866
1866
2866
5866
9866
8866
6866
0666
1666
2666
5666
9666
8666
6666
00001
10001
20001
50001
90001
80001
60001
01001
11001
21001
51001
91001
81001
61001
02001
12001
22001
52001
92001
82001
62001
05001
15001
25001
55001
95001
85001
65001
09001
19001
29001
59001
99001
89001
69001
08001
18001
28001
58001
98001
88001
68001
06001
16001
26001
56001
96001
86001
66001
00101
10101
20101
50101
90101
80101
60101
01101
11101
21101
51101
91101
81101
61101
02101
12101
22101
52101
92101
82101
62101
05101
15101
25101
55101
95101
85101
65101
09101
19101
29101
59101
99101
89101
69101
08101
18101
28101
58101
98101
88101
68101
06101
16101
26101
56101
96101
86101
66101
00201
10201
20201
50201
90201
80201
60201
01201
11201
21201
51201
91201
81201
61201
02201
12201
22201
52201
92201
82201
62201
05201
15201
25201
55201
95201
85201
65201
09201
19201
29201
59201
99201
89201
69201
08201
18201
28201
58201
98201
88201
68201
06201
16201
26201
56201
96201
86201
66201
00501
10501
20501
50501
90501
80501
60501
01501
11501
21501
51501
91501
81501
61501
02501
12501
22501
52501
92501
82501
62501
05501
15501
25501
55501
95501
85501
65501
09501
19501
29501
59501
99501
89501
69501
08501
18501
28501
58501
98501
88501
68501
06501
16501
26501
56501
96501
86501
66501
00901
10901
20901
50901
90901
80901
60901
01901
11901
21901
51901
91901
81901
61901
02901
12901
22901
52901
92901
82901
62901
05901
15901
25901
55901
95901
85901
65901
09901
19901
29901
59901
99901
89901
69901
08901
18901
28901
58901
98901
88901
68901
06901
16901
26901
56901
96901
86901
66901
00801
10801
20801
50801
90801
80801
60801
01801
11801
21801
51801
91801
81801
61801
02801
12801
22801
52801
92801
82801
62801
05801
15801
25801
55801
95801
85801
65801
09801
19801
29801
59801
99801
89801
69801
08801
18801
28801
58801
98801
88801
68801
06801
16801
26801
56801
96801
86801
66801
00601
10601
20601
50601
90601
80601
60601
01601
11601
21601
51601
91601
81601
61601
02601
12601
22601
52601
92601
82601
62601
05601
15601
25601
55601
95601
85601
65601
09601
19601
29601
59601
99601
89601
69601
08601
18601
28601
58601
98601
88601
68601
06601
16601
26601
56601
96601
86601
66601
00011
10011
20011
50011
90011
80011
60011
01011
11011
21011
51011
91011
81011
61011
02011
12011
22011
52011
92011
82011
62011
05011
15011
25011
55011
95011
85011
65011
09011
19011
29011
59011
99011
89011
69011
08011
18011
28011
58011
98011
88011
68011
06011
16011
26011
56011
96011
86011
66011
00111
10111
20111
50111
90111
80111
60111
01111
11111
21111
51111
91111
81111
61111
02111
12111
22111
52111
92111
82111
62111
05111
15111
25111
55111
95111
85111
65111
09111
19111
29111
59111
99111
89111
69111
08111
18111
28111
58111
98111
88111
68111
06111
16111
26111
56111
96111
86111
66111
00211
10211
20211
50211
90211
80211
60211
01211
11211
21211
51211
91211
81211
61211
02211
12211
22211
52211
92211
82211
62211
05211
15211
25211
55211
95211
85211
65211
09211
19211
29211
59211
99211
89211
69211
08211
18211
28211
58211
98211
88211
68211
06211
16211
26211
56211
96211
86211
66211
00511
10511
20511
50511
90511
80511
60511
01511
11511
21511
51511
91511
81511
61511
02511
12511
22511
52511
92511
82511
62511
05511
15511
25511
55511
95511
85511
65511
09511
19511
29511
59511
99511
89511
69511
08511
18511
28511
58511
98511
88511
68511
06511
16511
26511
56511
96511
86511
66511
00911
10911
20911
50911
90911
80911
60911
01911
11911
21911
51911
91911
81911
61911
02911
12911
22911
52911
92911
82911
62911
05911
15911
25911
55911
95911
85911
65911
09911
19911
29911
59911
99911
89911
69911
08911
18911
28911
58911
98911
88911
68911
06911
16911
26911
56911
96911
86911
66911
00811
10811
20811
50811
90811
80811
60811
01811
11811
21811
51811
91811
81811
61811
02811
12811
22811
52811
92811
82811
62811
05811
15811
25811
55811
95811
85811
65811
09811
19811
29811
59811
99811
89811
69811
08811
18811
28811
58811
98811
88811
68811
06811
16811
26811
56811
96811
86811
66811
00611
10611
20611
50611
90611
80611
60611
01611
11611
21611
51611
91611
81611
61611
02611
12611
22611
52611
92611
82611
62611
05611
15611
25611
55611
95611
85611
65611
09611
19611
29611
59611
99611
89611
69611
08611
18611
28611
58611
98611
88611
68611
06611
16611
26611
56611
96611
86611
66611
00021
10021
20021
50021
90021
80021
60021
01021
11021
21021
51021
91021
81021
61021
02021
12021
22021
52021
92021
82021
62021
05021
15021
25021
55021
95021
85021
65021
09021
19021
29021
59021
99021
89021
69021
08021
18021
28021
58021
98021
88021
68021
06021
16021
26021
56021
96021
86021
66021
00121
10121
20121
50121
90121
80121
60121
01121
11121
21121
51121
91121
81121
61121
02121
12121
22121
52121
92121
82121
62121
05121
15121
25121
55121
95121
85121
65121
09121
19121
29121
59121
99121
89121
69121
08121
18121
28121
58121
98121
88121
68121
06121
16121
26121
56121
96121
86121
66121
00221
10221
20221
50221
90221
80221
60221
01221
11221
21221
51221
91221
81221
61221
02221
12221
22221
52221
92221
82221
62221
05221
15221
25221
55221
95221
85221
65221
09221
19221
29221
59221
99221
89221
69221
08221
18221
28221
58221
98221
88221
68221
06221
16221
26221
56221
96221
86221
66221
00521
10521
20521
50521
90521
80521
60521
01521
11521
21521
51521
91521
81521
61521
02521
12521
22521
52521
92521
82521
62521
05521
15521
25521
55521
95521
85521
65521
09521
19521
29521
59521
99521
89521
69521
08521
18521
28521
58521
98521
88521
68521
06521
16521
26521
56521
96521
86521
66521
00921
10921
20921
50921
90921
80921
60921
01921
11921
21921
51921
91921
81921
61921
02921
12921
22921
52921
92921
82921
62921
05921
15921
25921
55921
95921
85921
65921
09921
19921
29921
59921
99921
89921
69921
08921
18921
28921
58921
98921
88921
68921
06921
16921
26921
56921
96921
86921
66921
00821
10821
20821
50821
90821
80821
60821
01821
11821
21821
51821
91821
81821
61821
02821
12821
22821
52821
92821
82821
62821
05821
15821
25821
55821
95821
85821
65821
09821
19821
29821
59821
99821
89821
69821
08821
18821
28821
58821
98821
88821
68821
06821
16821
26821
56821
96821
86821
66821
00621
10621
20621
50621
90621
80621
60621
01621
11621
21621
51621
91621
81621
61621
02621
12621
22621
52621
92621
82621
62621
05621
15621
25621
55621
95621
85621
65621
09621
19621
29621
59621
99621
89621
69621
08621
18621
28621
58621
98621
88621
68621
06621
16621
26621
56621
96621
86621
66621
00051
10051
20051
50051
90051
80051
60051
01051
11051
21051
51051
91051
81051
61051
02051
12051
22051
52051
92051
82051
62051
05051
15051
25051
55051
95051
85051
65051
09051
19051
29051
59051
99051
89051
69051
08051
18051
28051
58051
98051
88051
68051
06051
16051
26051
56051
96051
86051
66051
00151
10151
20151
50151
90151
80151
60151
01151
11151
21151
51151
91151
81151
61151
02151
12151
22151
52151
92151
82151
62151
05151
15151
25151
55151
95151
85151
65151
09151
19151
29151
59151
99151
89151
69151
08151
18151
28151
58151
98151
88151
68151
06151
16151
26151
56151
96151
86151
66151
00251
10251
20251
50251
90251
80251
60251
01251
11251
21251
51251
91251
81251
61251
02251
12251
22251
52251
92251
82251
62251
05251
15251
25251
55251
95251
85251
65251
09251
19251
29251
59251
99251
89251
69251
08251
18251
28251
58251
98251
88251
68251
06251
16251
26251
56251
96251
86251
66251
00551
10551
20551
50551
90551
80551
60551
01551
11551
21551
51551
91551
81551
61551
02551
12551
22551
52551
92551
82551
62551
05551
15551
25551
55551
95551
85551
65551
09551
19551
29551
59551
99551
89551
69551
08551
18551
28551
58551
98551
88551
68551
06551
16551
26551
56551
96551
86551
66551
00951
10951
20951
50951
90951
80951
60951
01951
11951
21951
51951
91951
81951
61951
02951
12951
22951
52951
92951
82951
62951
05951
15951
25951
55951
95951
85951
65951
09951
19951
29951
59951
99951
89951
69951
08951
18951
28951
58951
98951
88951
68951
06951
16951
26951
56951
96951
86951
66951
00851
10851
20851
50851
90851
80851
60851
01851
11851
21851
51851
91851
81851
61851
02851
12851
22851
52851
92851
82851
62851
05851
15851
25851
55851
95851
85851
65851
09851
19851
29851
59851
99851
89851
69851
08851
18851
28851
58851
98851
88851
68851
06851
16851
26851
56851
96851
86851
66851
00651
10651
20651
50651
90651
80651
60651
01651
11651
21651
51651
91651
81651
61651
02651
12651
22651
52651
92651
82651
62651
05651
15651
25651
55651
95651
85651
65651
09651
19651
29651
59651
99651
89651
69651
08651
18651
28651
58651
98651
88651
68651
06651
16651
26651
56651
96651
86651
66651
00091
10091
20091
50091
90091
80091
60091
01091
11091
21091
51091
91091
81091
61091
02091
12091
22091
52091
92091
82091
62091
05091
15091
25091
55091
95091
85091
65091
09091
19091
29091
59091
99091
89091
69091
08091
18091
28091
58091
98091
88091
68091
06091
16091
26091
56091
96091
86091
66091
00191
10191
20191
50191
90191
80191
60191
01191
11191
21191
51191
91191
81191
61191
02191
12191
22191
52191
92191
82191
62191
05191
15191
25191
55191
95191
85191
65191
09191
19191
29191
59191
99191
89191
69191
08191
18191
28191
58191
98191
88191
68191
06191
16191
26191
56191
96191
86191
66191
00291
10291
20291
50291
90291
80291
60291
01291
11291
21291
51291
91291
81291
61291
02291
12291
22291
52291
92291
82291
62291
05291
15291
25291
55291
95291
85291
65291
09291
19291
29291
59291
99291
89291
69291
08291
18291
28291
58291
98291
88291
68291
06291
16291
26291
56291
96291
86291
66291
00591
10591
20591
50591
90591
80591
60591
01591
11591
21591
51591
91591
81591
61591
02591
12591
22591
52591
92591
82591
62591
05591
15591
25591
55591
95591
85591
65591
09591
19591
29591
59591
99591
89591
69591
08591
18591
28591
58591
98591
88591
68591
06591
16591
26591
56591
96591
86591
66591
00991
10991
20991
50991
90991
80991
60991
01991
11991
21991
51991
91991
81991
61991
02991
12991
22991
52991
92991
82991
62991
05991
15991
25991
55991
95991
85991
65991
09991
19991
29991
59991
99991
89991
69991
08991
18991
28991
58991
98991
88991
68991
06991
16991
26991
56991
96991
86991
66991
00891
10891
20891
50891
90891
80891
60891
01891
11891
21891
51891
91891
81891
61891
02891
12891
22891
52891
92891
82891
62891
05891
15891
25891
55891
95891
85891
65891
09891
19891
29891
59891
99891
89891
69891
08891
18891
28891
58891
98891
88891
68891
06891
16891
26891
56891
96891
86891
66891
00691
10691
20691
50691
90691
80691
60691
01691
11691
21691
51691
91691
81691
61691
02691
12691
22691
52691
92691
82691
62691
05691
15691
25691
55691
95691
85691
65691
09691
19691
29691
59691
99691
89691
69691
08691
18691
28691
58691
98691
88691
68691
06691
16691
26691
56691
96691
86691
66691
00081
10081
20081
50081
90081
80081
60081
01081
11081
21081
51081
91081
81081
61081
02081
12081
22081
52081
92081
82081
62081
05081
15081
25081
55081
95081
85081
65081
09081
19081
29081
59081
99081
89081
69081
08081
18081
28081
58081
98081
88081
68081
06081
16081
26081
56081
96081
86081
66081
00181
10181
20181
50181
90181
80181
60181
01181
11181
21181
51181
91181
81181
61181
02181
12181
22181
52181
92181
82181
62181
05181
15181
25181
55181
95181
85181
65181
09181
19181
29181
59181
99181
89181
69181
08181
18181
28181
58181
98181
88181
68181
06181
16181
26181
56181
96181
86181
66181
00281
10281
20281
50281
90281
80281
60281
01281
11281
21281
51281
91281
81281
61281
02281
12281
22281
52281
92281
82281
62281
05281
15281
25281
55281
95281
85281
65281
09281
19281
29281
59281
99281
89281
69281
08281
18281
28281
58281
98281
88281
68281
06281
16281
26281
56281
96281
86281
66281
00581
10581
20581
50581
90581
80581
60581
01581
11581
21581
51581
91581
81581
61581
02581
12581
22581
52581
92581
82581
62581
05581
15581
25581
55581
95581
85581
65581
09581
19581
29581
59581
99581
89581
69581
08581
18581
28581
58581
98581
88581
68581
06581
16581
26581
56581
96581
86581
66581
00981
10981
20981
50981
90981
80981
60981
01981
11981
21981
51981
91981
81981
61981
02981
12981
22981
52981
92981
82981
62981
05981
15981
25981
55981
95981
85981
65981
09981
19981
29981
59981
99981
89981
69981
08981
18981
28981
58981
98981
88981
68981
06981
16981
26981
56981
96981
86981
66981
00881
10881
20881
50881
90881
80881
60881
01881
11881
21881
51881
91881
81881
61881
02881
12881
22881
52881
92881
82881
62881
05881
15881
25881
55881
95881
85881
65881
09881
19881
29881
59881
99881
89881
69881
08881
18881
28881
58881
98881
88881
68881
06881
16881
26881
56881
96881
86881
66881
00681
10681
20681
50681
90681
80681
60681
01681
11681
21681
51681
91681
81681
61681
02681
12681
22681
52681
92681
82681
62681
05681
15681
25681
55681
95681
85681
65681
09681
19681
29681
59681
99681
89681
69681
08681
18681
28681
58681
98681
88681
68681
06681
16681
26681
56681
96681
86681
66681
00061
10061
20061
50061
90061
80061
60061
01061
11061
21061
51061
91061
81061
61061
02061
12061
22061
52061
92061
82061
62061
05061
15061
25061
55061
95061
85061
65061
09061
19061
29061
59061
99061
89061
69061
08061
18061
28061
58061
98061
88061
68061
06061
16061
26061
56061
96061
86061
66061
00161
10161
20161
50161
90161
80161
60161
01161
11161
21161
51161
91161
81161
61161
02161
12161
22161
52161
92161
82161
62161
05161
15161
25161
55161
95161
85161
65161
09161
19161
29161
59161
99161
89161
69161
08161
18161
28161
58161
98161
88161
68161
06161
16161
26161
56161
96161
86161
66161
00261
10261
20261
50261
90261
80261
60261
01261
11261
21261
51261
91261
81261
61261
02261
12261
22261
52261
92261
82261
62261
05261
15261
25261
55261
95261
85261
65261
09261
19261
29261
59261
99261
89261
69261
08261
18261
28261
58261
98261
88261
68261
06261
16261
26261
56261
96261
86261
66261
00561
10561
20561
50561
90561
80561
60561
01561
11561
21561
51561
91561
81561
61561
02561
12561
22561
52561
92561
82561
62561
05561
15561
25561
55561
95561
85561
65561
09561
19561
29561
59561
99561
89561
69561
08561
18561
28561
58561
98561
88561
68561
06561
16561
26561
56561
96561
86561
66561
00961
10961
20961
50961
90961
80961
60961
01961
11961
21961
51961
91961
81961
61961
02961
12961
22961
52961
92961
82961
62961
05961
15961
25961
55961
95961
85961
65961
09961
19961
29961
59961
99961
89961
69961
08961
18961
28961
58961
98961
88961
68961
06961
16961
26961
56961
96961
86961
66961
00861
10861
20861
50861
90861
80861
60861
01861
11861
21861
51861
91861
81861
61861
02861
12861
22861
52861
92861
82861
62861
05861
15861
25861
55861
95861
85861
65861
09861
19861
29861
59861
99861
89861
69861
08861
18861
28861
58861
98861
88861
68861
06861
16861
26861
56861
96861
86861
66861
00661
10661
20661
50661
90661
80661
60661
01661
11661
21661
51661
91661
81661
61661
02661
12661
22661
52661
92661
82661
62661
05661
15661
25661
55661
95661
85661
65661
09661
19661
29661
59661
99661
89661
69661
08661
18661
28661
58661
98661
88661
68661
06661
16661
26661
56661
96661
86661
66661
00002
10002
20002
50002
90002
80002
60002
01002
11002
21002
51002
91002
81002
61002
02002
12002
22002
52002
92002
82002
62002
05002
15002
25002
55002
95002
85002
65002
09002
19002
29002
59002
99002
89002
69002
08002
18002
28002
58002
98002
88002
68002
06002
16002
26002
56002
96002
86002
66002
00102
10102
20102
50102
90102
80102
60102
01102
11102
21102
51102
91102
81102
61102
02102
12102
22102
52102
92102
82102
62102
05102
15102
25102
55102
95102
85102
65102
09102
19102
29102
59102
99102
89102
69102
08102
18102
28102
58102
98102
88102
68102
06102
16102
26102
56102
96102
86102
66102
00202
10202
20202
50202
90202
80202
60202
01202
11202
21202
51202
91202
81202
61202
02202
12202
22202
52202
92202
82202
62202
05202
15202
25202
55202
95202
85202
65202
09202
19202
29202
59202
99202
89202
69202
08202
18202
28202
58202
98202
88202
68202
06202
16202
26202
56202
96202
86202
66202
00502
10502
20502
50502
90502
80502
60502
01502
11502
21502
51502
91502
81502
61502
02502
12502
22502
52502
92502
82502
62502
05502
15502
25502
55502
95502
85502
65502
09502
19502
29502
59502
99502
89502
69502
08502
18502
28502
58502
98502
88502
68502
06502
16502
26502
56502
96502
86502
66502
00902
10902
20902
50902
90902
80902
60902
01902
11902
21902
51902
91902
81902
61902
02902
12902
22902
52902
92902
82902
62902
05902
15902
25902
55902
95902
85902
65902
09902
19902
29902
59902
99902
89902
69902
08902
18902
28902
58902
98902
88902
68902
06902
16902
26902
56902
96902
86902
66902
00802
10802
20802
50802
90802
80802
60802
01802
11802
21802
51802
91802
81802
61802
02802
12802
22802
52802
92802
82802
62802
05802
15802
25802
55802
95802
85802
65802
09802
19802
29802
59802
99802
89802
69802
08802
18802
28802
58802
98802
88802
68802
06802
16802
26802
56802
96802
86802
66802
00602
10602
20602
50602
90602
80602
60602
01602
11602
21602
51602
91602
81602
61602
02602
12602
22602
52602
92602
82602
62602
05602
15602
25602
55602
95602
85602
65602
09602
19602
29602
59602
99602
89602
69602
08602
18602
28602
58602
98602
88602
68602
06602
16602
26602
56602
96602
86602
66602
00012
10012
20012
50012
90012
80012
60012
01012
11012
21012
51012
91012
81012
61012
02012
12012
22012
52012
92012
82012
62012
05012
15012
25012
55012
95012
85012
65012
09012
19012
29012
59012
99012
89012
69012
08012
18012
28012
58012
98012
88012
68012
06012
16012
26012
56012
96012
86012
66012
00112
10112
20112
50112
90112
80112
60112
01112
11112
21112
51112
91112
81112
61112
02112
12112
22112
52112
92112
82112
62112
05112
15112
25112
55112
95112
85112
65112
09112
19112
29112
59112
99112
89112
69112
08112
18112
28112
58112
98112
88112
68112
06112
16112
26112
56112
96112
86112
66112
00212
10212
20212
50212
90212
80212
60212
01212
11212
21212
51212
91212
81212
61212
02212
12212
22212
52212
92212
82212
62212
05212
15212
25212
55212
95212
85212
65212
09212
19212
29212
59212
99212
89212
69212
08212
18212
28212
58212
98212
88212
68212
06212
16212
26212
56212
96212
86212
66212
00512
10512
20512
50512
90512
80512
60512
01512
11512
21512
51512
91512
81512
61512
02512
12512
22512
52512
92512
82512
62512
05512
15512
25512
55512
95512
85512
65512
09512
19512
29512
59512
99512
89512
69512
08512
18512
28512
58512
98512
88512
68512
06512
16512
26512
56512
96512
86512
66512
00912
10912
20912
50912
90912
80912
60912
01912
11912
21912
51912
91912
81912
61912
02912
12912
22912
52912
92912
82912
62912
05912
15912
25912
55912
95912
85912
65912
09912
19912
29912
59912
99912
89912
69912
08912
18912
28912
58912
98912
88912
68912
06912
16912
26912
56912
96912
86912
66912
00812
10812
20812
50812
90812
80812
60812
01812
11812
21812
51812
91812
81812
61812
02812
12812
22812
52812
92812
82812
62812
05812
15812
25812
55812
95812
85812
65812
09812
19812
29812
59812
99812
89812
69812
08812
18812
28812
58812
98812
88812
68812
06812
16812
26812
56812
96812
86812
66812
00612
10612
20612
50612
90612
80612
60612
01612
11612
21612
51612
91612
81612
61612
02612
12612
22612
52612
92612
82612
62612
05612
15612
25612
55612
95612
85612
65612
09612
19612
29612
59612
99612
89612
69612
08612
18612
28612
58612
98612
88612
68612
06612
16612
26612
56612
96612
86612
66612
00022
10022
20022
50022
90022
80022
60022
01022
11022
21022
51022
91022
81022
61022
02022
12022
22022
52022
92022
82022
62022
05022
15022
25022
55022
95022
85022
65022
09022
19022
29022
59022
99022
89022
69022
08022
18022
28022
58022
98022
88022
68022
06022
16022
26022
56022
96022
86022
66022
00122
10122
20122
50122
90122
80122
60122
01122
11122
21122
51122
91122
81122
61122
02122
12122
22122
52122
92122
82122
62122
05122
15122
25122
55122
95122
85122
65122
09122
19122
29122
59122
99122
89122
69122
08122
18122
28122
58122
98122
88122
68122
06122
16122
26122
56122
96122
86122
66122
00222
10222
20222
50222
90222
80222
60222
01222
11222
21222
51222
91222
81222
61222
02222
12222
22222
52222
92222
82222
62222
05222
15222
25222
55222
95222
85222
65222
09222
19222
29222
59222
99222
89222
69222
08222
18222
28222
58222
98222
88222
68222
06222
16222
26222
56222
96222
86222
66222
00522
10522
20522
50522
90522
80522
60522
01522
11522
21522
51522
91522
81522
61522
02522
12522
22522
52522
92522
82522
62522
05522
15522
25522
55522
95522
85522
65522
09522
19522
29522
59522
99522
89522
69522
08522
18522
28522
58522
98522
88522
68522
06522
16522
26522
56522
96522
86522
66522
00922
10922
20922
50922
90922
80922
60922
01922
11922
21922
51922
91922
81922
61922
02922
12922
22922
52922
92922
82922
62922
05922
15922
25922
55922
95922
85922
65922
09922
19922
29922
59922
99922
89922
69922
08922
18922
28922
58922
98922
88922
68922
06922
16922
26922
56922
96922
86922
66922
00822
10822
20822
50822
90822
80822
60822
01822
11822
21822
51822
91822
81822
61822
02822
12822
22822
52822
92822
82822
62822
05822
15822
25822
55822
95822
85822
65822
09822
19822
29822
59822
99822
89822
69822
08822
18822
28822
58822
98822
88822
68822
06822
16822
26822
56822
96822
86822
66822
00622
10622
20622
50622
90622
80622
60622
01622
11622
21622
51622
91622
81622
61622
02622
12622
22622
52622
92622
82622
62622
05622
15622
25622
55622
95622
85622
65622
09622
19622
29622
59622
99622
89622
69622
08622
18622
28622
58622
98622
88622
68622
06622
16622
26622
56622
96622
86622
66622
00052
10052
20052
50052
90052
80052
60052
01052
11052
21052
51052
91052
81052
61052
02052
12052
22052
52052
92052
82052
62052
05052
15052
25052
55052
95052
85052
65052
09052
19052
29052
59052
99052
89052
69052
08052
18052
28052
58052
98052
88052
68052
06052
16052
26052
56052
96052
86052
66052
00152
10152
20152
50152
90152
80152
60152
01152
11152
21152
51152
91152
81152
61152
02152
12152
22152
52152
92152
82152
62152
05152
15152
25152
55152
95152
85152
65152
09152
19152
29152
59152
99152
89152
69152
08152
18152
28152
58152
98152
88152
68152
06152
16152
26152
56152
96152
86152
66152
00252
10252
20252
50252
90252
80252
60252
01252
11252
21252
51252
91252
81252
61252
02252
12252
22252
52252
92252
82252
62252
05252
15252
25252
55252
95252
85252
65252
09252
19252
29252
59252
99252
89252
69252
08252
18252
28252
58252
98252
88252
68252
06252
16252
26252
56252
96252
86252
66252
00552
10552
20552
50552
90552
80552
60552
01552
11552
21552
51552
91552
81552
61552
02552
12552
22552
52552
92552
82552
62552
05552
15552
25552
55552
95552
85552
65552
09552
19552
29552
59552
99552
89552
69552
08552
18552
28552
58552
98552
88552
68552
06552
16552
26552
56552
96552
86552
66552
00952
10952
20952
50952
90952
80952
60952
01952
11952
21952
51952
91952
81952
61952
02952
12952
22952
52952
92952
82952
62952
05952
15952
25952
55952
95952
85952
65952
09952
19952
29952
59952
99952
89952
69952
08952
18952
28952
58952
98952
88952
68952
06952
16952
26952
56952
96952
86952
66952
00852
10852
20852
50852
90852
80852
60852
01852
11852
21852
51852
91852
81852
61852
02852
12852
22852
52852
92852
82852
62852
05852
15852
25852
55852
95852
85852
65852
09852
19852
29852
59852
99852
89852
69852
08852
18852
28852
58852
98852
88852
68852
06852
16852
26852
56852
96852
86852
66852
00652
10652
20652
50652
90652
80652
60652
01652
11652
21652
51652
91652
81652
61652
02652
12652
22652
52652
92652
82652
62652
05652
15652
25652
55652
95652
85652
65652
09652
19652
29652
59652
99652
89652
69652
08652
18652
28652
58652
98652
88652
68652
06652
16652
26652
56652
96652
86652
66652
00092
10092
20092
50092
90092
80092
60092
01092
11092
21092
51092
91092
81092
61092
02092
12092
22092
52092
92092
82092
62092
05092
15092
25092
55092
95092
85092
65092
09092
19092
29092
59092
99092
89092
69092
08092
18092
28092
58092
98092
88092
68092
06092
16092
26092
56092
96092
86092
66092
00192
10192
20192
50192
90192
80192
60192
01192
11192
21192
51192
91192
81192
61192
02192
12192
22192
52192
92192
82192
62192
05192
15192
25192
55192
95192
85192
65192
09192
19192
29192
59192
99192
89192
69192
08192
18192
28192
58192
98192
88192
68192
06192
16192
26192
56192
96192
86192
66192
00292
10292
20292
50292
90292
80292
60292
01292
11292
21292
51292
91292
81292
61292
02292
12292
22292
52292
92292
82292
62292
05292
15292
25292
55292
95292
85292
65292
09292
19292
29292
59292
99292
89292
69292
08292
18292
28292
58292
98292
88292
68292
06292
16292
26292
56292
96292
86292
66292
00592
10592
20592
50592
90592
80592
60592
01592
11592
21592
51592
91592
81592
61592
02592
12592
22592
52592
92592
82592
62592
05592
15592
25592
55592
95592
85592
65592
09592
19592
29592
59592
99592
89592
69592
08592
18592
28592
58592
98592
88592
68592
06592
16592
26592
56592
96592
86592
66592
00992
10992
20992
50992
90992
80992
60992
01992
11992
21992
51992
91992
81992
61992
02992
12992
22992
52992
92992
82992
62992
05992
15992
25992
55992
95992
85992
65992
09992
19992
29992
59992
99992
89992
69992
08992
18992
28992
58992
98992
88992
68992
06992
16992
26992
56992
96992
86992
66992
00892
10892
20892
50892
90892
80892
60892
01892
11892
21892
51892
91892
81892
61892
02892
12892
22892
52892
92892
82892
62892
05892
15892
25892
55892
95892
85892
65892
09892
19892
29892
59892
99892
89892
69892
08892
18892
28892
58892
98892
88892
68892
06892
16892
26892
56892
96892
86892
66892
00692
10692
20692
50692
90692
80692
60692
01692
11692
21692
51692
91692
81692
61692
02692
12692
22692
52692
92692
82692
62692
05692
15692
25692
55692
95692
85692
65692
09692
19692
29692
59692
99692
89692
69692
08692
18692
28692
58692
98692
88692
68692
06692
16692
26692
56692
96692
86692
66692
00082
10082
20082
50082
90082
80082
60082
01082
11082
21082
51082
91082
81082
61082
02082
12082
22082
52082
92082
82082
62082
05082
15082
25082
55082
95082
85082
65082
09082
19082
29082
59082
99082
89082
69082
08082
18082
28082
58082
98082
88082
68082
06082
16082
26082
56082
96082
86082
66082
00182
10182
20182
50182
90182
80182
60182
01182
11182
21182
51182
91182
81182
61182
02182
12182
22182
52182
92182
82182
62182
05182
15182
25182
55182
95182
85182
65182
09182
19182
29182
59182
99182
89182
69182
08182
18182
28182
58182
98182
88182
68182
06182
16182
26182
56182
96182
86182
66182
00282
10282
20282
50282
90282
80282
60282
01282
11282
21282
51282
91282
81282
61282
02282
12282
22282
52282
92282
82282
62282
05282
15282
25282
55282
95282
85282
65282
09282
19282
29282
59282
99282
89282
69282
08282
18282
28282
58282
98282
88282
68282
06282
16282
26282
56282
96282
86282
66282
00582
10582
20582
50582
90582
80582
60582
01582
11582
21582
51582
91582
81582
61582
02582
12582
22582
52582
92582
82582
62582
05582
15582
25582
55582
95582
85582
65582
09582
19582
29582
59582
99582
89582
69582
08582
18582
28582
58582
98582
88582
68582
06582
16582
26582
56582
96582
86582
66582
00982
10982
20982
50982
90982
80982
60982
01982
11982
21982
51982
91982
81982
61982
02982
12982
22982
52982
92982
82982
62982
05982
15982
25982
55982
95982
85982
65982
09982
19982
29982
59982
99982
89982
69982
08982
18982
28982
58982
98982
88982
68982
06982
16982
26982
56982
96982
86982
66982
00882
10882
20882
50882
90882
80882
60882
01882
11882
21882
51882
91882
81882
61882
02882
12882
22882
52882
92882
82882
62882
05882
15882
25882
55882
95882
85882
65882
09882
19882
29882
59882
99882
89882
69882
08882
18882
28882
58882
98882
88882
68882
06882
16882
26882
56882
96882
86882
66882
00682
10682
20682
50682
90682
80682
60682
01682
11682
21682
51682
91682
81682
61682
02682
12682
22682
52682
92682
82682
62682
05682
15682
25682
55682
95682
85682
65682
09682
19682
29682
59682
99682
89682
69682
08682
18682
28682
58682
98682
88682
68682
06682
16682
26682
56682
96682
86682
66682
00062
10062
20062
50062
90062
80062
60062
01062
11062
21062
51062
91062
81062
61062
02062
12062
22062
52062
92062
82062
62062
05062
15062
25062
55062
95062
85062
65062
09062
19062
29062
59062
99062
89062
69062
08062
18062
28062
58062
98062
88062
68062
06062
16062
26062
56062
96062
86062
66062
00162
10162
20162
50162
90162
80162
60162
01162
11162
21162
51162
91162
81162
61162
02162
12162
22162
52162
92162
82162
62162
05162
15162
25162
55162
95162
85162
65162
09162
19162
29162
59162
99162
89162
69162
08162
18162
28162
58162
98162
88162
68162
06162
16162
26162
56162
96162
86162
66162
00262
10262
20262
50262
90262
80262
60262
01262
11262
21262
51262
91262
81262
61262
02262
12262
22262
52262
92262
82262
62262
05262
15262
25262
55262
95262
85262
65262
09262
19262
29262
59262
99262
89262
69262
08262
18262
28262
58262
98262
88262
68262
06262
16262
26262
56262
96262
86262
66262
00562
10562
20562
50562
90562
80562
60562
01562
11562
21562
51562
91562
81562
61562
02562
12562
22562
52562
92562
82562
62562
05562
15562
25562
55562
95562
85562
65562
09562
19562
29562
59562
99562
89562
69562
08562
18562
28562
58562
98562
88562
68562
06562
16562
26562
56562
96562
86562
66562
00962
10962
20962
50962
90962
80962
60962
01962
11962
21962
51962
91962
81962
61962
02962
12962
22962
52962
92962
82962
62962
05962
15962
25962
55962
95962
85962
65962
09962
19962
29962
59962
99962
89962
69962
08962
18962
28962
58962
98962
88962
68962
06962
16962
26962
56962
96962
86962
66962
00862
10862
20862
50862
90862
80862
60862
01862
11862
21862
51862
91862
81862
61862
02862
12862
22862
52862
92862
82862
62862
05862
15862
25862
55862
95862
85862
65862
09862
19862
29862
59862
99862
89862
69862
08862
18862
28862
58862
98862
88862
68862
06862
16862
26862
56862
96862
86862
66862
00662
10662
20662
50662
90662
80662
60662
01662
11662
21662
51662
91662
81662
61662
02662
12662
22662
52662
92662
82662
62662
05662
15662
25662
55662
95662
85662
65662
09662
19662
29662
59662
99662
89662
69662
08662
18662
28662
58662
98662
88662
68662
06662
16662
26662
56662
96662
86662
66662
00005
10005
20005
50005
90005
80005
60005
01005
11005
21005
51005
91005
81005
61005
02005
12005
22005
52005
92005
82005
62005
05005
15005
25005
55005
95005
85005
65005
09005
19005
29005
59005
99005
89005
69005
08005
18005
28005
58005
98005
88005
68005
06005
16005
26005
56005
96005
86005
66005
00105
10105
20105
50105
90105
80105
60105
01105
11105
21105
51105
91105
81105
61105
02105
12105
22105
52105
92105
82105
62105
05105
15105
25105
55105
95105
85105
65105
09105
19105
29105
59105
99105
89105
69105
08105
18105
28105
58105
98105
88105
68105
06105
16105
26105
56105
96105
86105
66105
00205
10205
20205
50205
90205
80205
60205
01205
11205
21205
51205
91205
81205
61205
02205
12205
22205
52205
92205
82205
62205
05205
15205
25205
55205
95205
85205
65205
09205
19205
29205
59205
99205
89205
69205
08205
18205
28205
58205
98205
88205
68205
06205
16205
26205
56205
96205
86205
66205
00505
10505
20505
50505
90505
80505
60505
01505
11505
21505
51505
91505
81505
61505
02505
12505
22505
52505
92505
82505
62505
05505
15505
25505
55505
95505
85505
65505
09505
19505
29505
59505
99505
89505
69505
08505
18505
28505
58505
98505
88505
68505
06505
16505
26505
56505
96505
86505
66505
00905
10905
20905
50905
90905
80905
60905
01905
11905
21905
51905
91905
81905
61905
02905
12905
22905
52905
92905
82905
62905
05905
15905
25905
55905
95905
85905
65905
09905
19905
29905
59905
99905
89905
69905
08905
18905
28905
58905
98905
88905
68905
06905
16905
26905
56905
96905
86905
66905
00805
10805
20805
50805
90805
80805
60805
01805
11805
21805
51805
91805
81805
61805
02805
12805
22805
52805
92805
82805
62805
05805
15805
25805
55805
95805
85805
65805
09805
19805
29805
59805
99805
89805
69805
08805
18805
28805
58805
98805
88805
68805
06805
16805
26805
56805
96805
86805
66805
00605
10605
20605
50605
90605
80605
60605
01605
11605
21605
51605
91605
81605
61605
02605
12605
22605
52605
92605
82605
62605
05605
15605
25605
55605
95605
85605
65605
09605
19605
29605
59605
99605
89605
69605
08605
18605
28605
58605
98605
88605
68605
06605
16605
26605
56605
96605
86605
66605
00015
10015
20015
50015
90015
80015
60015
01015
11015
21015
51015
91015
81015
61015
02015
12015
22015
52015
92015
82015
62015
05015
15015
25015
55015
95015
85015
65015
09015
19015
29015
59015
99015
89015
69015
08015
18015
28015
58015
98015
88015
68015
06015
16015
26015
56015
96015
86015
66015
00115
10115
20115
50115
90115
80115
60115
01115
11115
21115
51115
91115
81115
61115
02115
12115
22115
52115
92115
82115
62115
05115
15115
25115
55115
95115
85115
65115
09115
19115
29115
59115
99115
89115
69115
08115
18115
28115
58115
98115
88115
68115
06115
16115
26115
56115
96115
86115
66115
00215
10215
20215
50215
90215
80215
60215
01215
11215
21215
51215
91215
81215
61215
02215
12215
22215
52215
92215
82215
62215
05215
15215
25215
55215
95215
85215
65215
09215
19215
29215
59215
99215
89215
69215
08215
18215
28215
58215
98215
88215
68215
06215
16215
26215
56215
96215
86215
66215
00515
10515
20515
50515
90515
80515
60515
01515
11515
21515
51515
91515
81515
61515
02515
12515
22515
52515
92515
82515
62515
05515
15515
25515
55515
95515
85515
65515
09515
19515
29515
59515
99515
89515
69515
08515
18515
28515
58515
98515
88515
68515
06515
16515
26515
56515
96515
86515
66515
00915
10915
20915
50915
90915
80915
60915
01915
11915
21915
51915
91915
81915
61915
02915
12915
22915
52915
92915
82915
62915
05915
15915
25915
55915
95915
85915
65915
09915
19915
29915
59915
99915
89915
69915
08915
18915
28915
58915
98915
88915
68915
06915
16915
26915
56915
96915
86915
66915
00815
10815
20815
50815
90815
80815
60815
01815
11815
21815
51815
91815
81815
61815
02815
12815
22815
52815
92815
82815
62815
05815
15815
25815
55815
95815
85815
65815
09815
19815
29815
59815
99815
89815
69815
08815
18815
28815
58815
98815
88815
68815
06815
16815
26815
56815
96815
86815
66815
00615
10615
20615
50615
90615
80615
60615
01615
11615
21615
51615
91615
81615
61615
02615
12615
22615
52615
92615
82615
62615
05615
15615
25615
55615
95615
85615
65615
09615
19615
29615
59615
99615
89615
69615
08615
18615
28615
58615
98615
88615
68615
06615
16615
26615
56615
96615
86615
66615
00025
10025
20025
50025
90025
80025
60025
01025
11025
21025
51025
91025
81025
61025
02025
12025
22025
52025
92025
82025
62025
05025
15025
25025
55025
95025
85025
65025
09025
19025
29025
59025
99025
89025
69025
08025
18025
28025
58025
98025
88025
68025
06025
16025
26025
56025
96025
86025
66025
00125
10125
20125
50125
90125
80125
60125
01125
11125
21125
51125
91125
81125
61125
02125
12125
22125
52125
92125
82125
62125
05125
15125
25125
55125
95125
85125
65125
09125
19125
29125
59125
99125
89125
69125
08125
18125
28125
58125
98125
88125
68125
06125
16125
26125
56125
96125
86125
66125
00225
10225
20225
50225
90225
80225
60225
01225
11225
21225
51225
91225
81225
61225
02225
12225
22225
52225
92225
82225
62225
05225
15225
25225
55225
95225
85225
65225
09225
19225
29225
59225
99225
89225
69225
08225
18225
28225
58225
98225
88225
68225
06225
16225
26225
56225
96225
86225
66225
00525
10525
20525
50525
90525
80525
60525
01525
11525
21525
51525
91525
81525
61525
02525
12525
22525
52525
92525
82525
62525
05525
15525
25525
55525
95525
85525
65525
09525
19525
29525
59525
99525
89525
69525
08525
18525
28525
58525
98525
88525
68525
06525
16525
26525
56525
96525
86525
66525
00925
10925
20925
50925
90925
80925
60925
01925
11925
21925
51925
91925
81925
61925
02925
12925
22925
52925
92925
82925
62925
05925
15925
25925
55925
95925
85925
65925
09925
19925
29925
59925
99925
89925
69925
08925
18925
28925
58925
98925
88925
68925
06925
16925
26925
56925
96925
86925
66925
00825
10825
20825
50825
90825
80825
60825
01825
11825
21825
51825
91825
81825
61825
02825
12825
22825
52825
92825
82825
62825
05825
15825
25825
55825
95825
85825
65825
09825
19825
29825
59825
99825
89825
69825
08825
18825
28825
58825
98825
88825
68825
06825
16825
26825
56825
96825
86825
66825
00625
10625
20625
50625
90625
80625
60625
01625
11625
21625
51625
91625
81625
61625
02625
12625
22625
52625
92625
82625
62625
05625
15625
25625
55625
95625
85625
65625
09625
19625
29625
59625
99625
89625
69625
08625
18625
28625
58625
98625
88625
68625
06625
16625
26625
56625
96625
86625
66625
00055
10055
20055
50055
90055
80055
60055
01055
11055
21055
51055
91055
81055
61055
02055
12055
22055
52055
92055
82055
62055
05055
15055
25055
55055
95055
85055
65055
09055
19055
29055
59055
99055
89055
69055
08055
18055
28055
58055
98055
88055
68055
06055
16055
26055
56055
96055
86055
66055
00155
10155
20155
50155
90155
80155
60155
01155
11155
21155
51155
91155
81155
61155
02155
12155
22155
52155
92155
82155
62155
05155
15155
25155
55155
95155
85155
65155
09155
19155
29155
59155
99155
89155
69155
08155
18155
28155
58155
98155
88155
68155
06155
16155
26155
56155
96155
86155
66155
00255
10255
20255
50255
90255
80255
60255
01255
11255
21255
51255
91255
81255
61255
02255
12255
22255
52255
92255
82255
62255
05255
15255
25255
55255
95255
85255
65255
09255
19255
29255
59255
99255
89255
69255
08255
18255
28255
58255
98255
88255
68255
06255
16255
26255
56255
96255
86255
66255
00555
10555
20555
50555
90555
80555
60555
01555
11555
21555
51555
91555
81555
61555
02555
12555
22555
52555
92555
82555
62555
05555
15555
25555
55555
95555
85555
65555
09555
19555
29555
59555
99555
89555
69555
08555
18555
28555
58555
98555
88555
68555
06555
16555
26555
56555
96555
86555
66555
00955
10955
20955
50955
90955
80955
60955
01955
11955
21955
51955
91955
81955
61955
02955
12955
22955
52955
92955
82955
62955
05955
15955
25955
55955
95955
85955
65955
09955
19955
29955
59955
99955
89955
69955
08955
18955
28955
58955
98955
88955
68955
06955
16955
26955
56955
96955
86955
66955
00855
10855
20855
50855
90855
80855
60855
01855
11855
21855
51855
91855
81855
61855
02855
12855
22855
52855
92855
82855
62855
05855
15855
25855
55855
95855
85855
65855
09855
19855
29855
59855
99855
89855
69855
08855
18855
28855
58855
98855
88855
68855
06855
16855
26855
56855
96855
86855
66855
00655
10655
20655
50655
90655
80655
60655
01655
11655
21655
51655
91655
81655
61655
02655
12655
22655
52655
92655
82655
62655
05655
15655
25655
55655
95655
85655
65655
09655
19655
29655
59655
99655
89655
69655
08655
18655
28655
58655
98655
88655
68655
06655
16655
26655
56655
96655
86655
66655
00095
10095
20095
50095
90095
80095
60095
01095
11095
21095
51095
91095
81095
61095
02095
12095
22095
52095
92095
82095
62095
05095
15095
25095
55095
95095
85095
65095
09095
19095
29095
59095
99095
89095
69095
08095
18095
28095
58095
98095
88095
68095
06095
16095
26095
56095
96095
86095
66095
00195
10195
20195
50195
90195
80195
60195
01195
11195
21195
51195
91195
81195
61195
02195
12195
22195
52195
92195
82195
62195
05195
15195
25195
55195
95195
85195
65195
09195
19195
29195
59195
99195
89195
69195
08195
18195
28195
58195
98195
88195
68195
06195
16195
26195
56195
96195
86195
66195
00295
10295
20295
50295
90295
80295
60295
01295
11295
21295
51295
91295
81295
61295
02295
12295
22295
52295
92295
82295
62295
05295
15295
25295
55295
95295
85295
65295
09295
19295
29295
59295
99295
89295
69295
08295
18295
28295
58295
98295
88295
68295
06295
16295
26295
56295
96295
86295
66295
00595
10595
20595
50595
90595
80595
60595
01595
11595
21595
51595
91595
81595
61595
02595
12595
22595
52595
92595
82595
62595
05595
15595
25595
55595
95595
85595
65595
09595
19595
29595
59595
99595
89595
69595
08595
18595
28595
58595
98595
88595
68595
06595
16595
26595
56595
96595
86595
66595
00995
10995
20995
50995
90995
80995
60995
01995
11995
21995
51995
91995
81995
61995
02995
12995
22995
52995
92995
82995
62995
05995
15995
25995
55995
95995
85995
65995
09995
19995
29995
59995
99995
89995
69995
08995
18995
28995
58995
98995
88995
68995
06995
16995
26995
56995
96995
86995
66995
00895
10895
20895
50895
90895
80895
60895
01895
11895
21895
51895
91895
81895
61895
02895
12895
22895
52895
92895
82895
62895
05895
15895
25895
55895
95895
85895
65895
09895
19895
29895
59895
99895
89895
69895
08895
18895
28895
58895
98895
88895
68895
06895
16895
26895
56895
96895
86895
66895
00695
10695
20695
50695
90695
80695
60695
01695
11695
21695
51695
91695
81695
61695
02695
12695
22695
52695
92695
82695
62695
05695
15695
25695
55695
95695
85695
65695
09695
19695
29695
59695
99695
89695
69695
08695
18695
28695
58695
98695
88695
68695
06695
16695
26695
56695
96695
86695
66695
00085
10085
20085
50085
90085
80085
60085
01085
11085
21085
51085
91085
81085
61085
02085
12085
22085
52085
92085
82085
62085
05085
15085
25085
55085
95085
85085
65085
09085
19085
29085
59085
99085
89085
69085
08085
18085
28085
58085
98085
88085
68085
06085
16085
26085
56085
96085
86085
66085
00185
10185
20185
50185
90185
80185
60185
01185
11185
21185
51185
91185
81185
61185
02185
12185
22185
52185
92185
82185
62185
05185
15185
25185
55185
95185
85185
65185
09185
19185
29185
59185
99185
89185
69185
08185
18185
28185
58185
98185
88185
68185
06185
16185
26185
56185
96185
86185
66185
00285
10285
20285
50285
90285
80285
60285
01285
11285
21285
51285
91285
81285
61285
02285
12285
22285
52285
92285
82285
62285
05285
15285
25285
55285
95285
85285
65285
09285
19285
29285
59285
99285
89285
69285
08285
18285
28285
58285
98285
88285
68285
06285
16285
26285
56285
96285
86285
66285
00585
10585
20585
50585
90585
80585
60585
01585
11585
21585
51585
91585
81585
61585
02585
12585
22585
52585
92585
82585
62585
05585
15585
25585
55585
95585
85585
65585
09585
19585
29585
59585
99585
89585
69585
08585
18585
28585
58585
98585
88585
68585
06585
16585
26585
56585
96585
86585
66585
00985
10985
20985
50985
90985
80985
60985
01985
11985
21985
51985
91985
81985
61985
02985
12985
22985
52985
92985
82985
62985
05985
15985
25985
55985
95985
85985
65985
09985
19985
29985
59985
99985
89985
69985
08985
18985
28985
58985
98985
88985
68985
06985
16985
26985
56985
96985
86985
66985
00885
10885
20885
50885
90885
80885
60885
01885
11885
21885
51885
91885
81885
61885
02885
12885
22885
52885
92885
82885
62885
05885
15885
25885
55885
95885
85885
65885
09885
19885
29885
59885
99885
89885
69885
08885
18885
28885
58885
98885
88885
68885
06885
16885
26885
56885
96885
86885
66885
00685
10685
20685
50685
90685
80685
60685
01685
11685
21685
51685
91685
81685
61685
02685
12685
22685
52685
92685
82685
62685
05685
15685
25685
55685
95685
85685
65685
09685
19685
29685
59685
99685
89685
69685
08685
18685
28685
58685
98685
88685
68685
06685
16685
26685
56685
96685
86685
66685
00065
10065
20065
50065
90065
80065
60065
01065
11065
21065
51065
91065
81065
61065
02065
12065
22065
52065
92065
82065
62065
05065
15065
25065
55065
95065
85065
65065
09065
19065
29065
59065
99065
89065
69065
08065
18065
28065
58065
98065
88065
68065
06065
16065
26065
56065
96065
86065
66065
00165
10165
20165
50165
90165
80165
60165
01165
11165
21165
51165
91165
81165
61165
02165
12165
22165
52165
92165
82165
62165
05165
15165
25165
55165
95165
85165
65165
09165
19165
29165
59165
99165
89165
69165
08165
18165
28165
58165
98165
88165
68165
06165
16165
26165
56165
96165
86165
66165
00265
10265
20265
50265
90265
80265
60265
01265
11265
21265
51265
91265
81265
61265
02265
12265
22265
52265
92265
82265
62265
05265
15265
25265
55265
95265
85265
65265
09265
19265
29265
59265
99265
89265
69265
08265
18265
28265
58265
98265
88265
68265
06265
16265
26265
56265
96265
86265
66265
00565
10565
20565
50565
90565
80565
60565
01565
11565
21565
51565
91565
81565
61565
02565
12565
22565
52565
92565
82565
62565
05565
15565
25565
55565
95565
85565
65565
09565
19565
29565
59565
99565
89565
69565
08565
18565
28565
58565
98565
88565
68565
06565
16565
26565
56565
96565
86565
66565
00965
10965
20965
50965
90965
80965
60965
01965
11965
21965
51965
91965
81965
61965
02965
12965
22965
52965
92965
82965
62965
05965
15965
25965
55965
95965
85965
65965
09965
19965
29965
59965
99965
89965
69965
08965
18965
28965
58965
98965
88965
68965
06965
16965
26965
56965
96965
86965
66965
00865
10865
20865
50865
90865
80865
60865
01865
11865
21865
51865
91865
81865
61865
02865
12865
22865
52865
92865
82865
62865
05865
15865
25865
55865
95865
85865
65865
09865
19865
29865
59865
99865
89865
69865
08865
18865
28865
58865
98865
88865
68865
06865
16865
26865
56865
96865
86865
66865
00665
10665
20665
50665
90665
80665
60665
01665
11665
21665
51665
91665
81665
61665
02665
12665
22665
52665
92665
82665
62665
05665
15665
25665
55665
95665
85665
65665
09665
19665
29665
59665
99665
89665
69665
08665
18665
28665
58665
98665
88665
68665
06665
16665
26665
56665
96665
86665
66665
00009
10009
20009
50009
90009
80009
60009
01009
11009
21009
51009
91009
81009
61009
02009
12009
22009
52009
92009
82009
62009
05009
15009
25009
55009
95009
85009
65009
09009
19009
29009
59009
99009
89009
69009
08009
18009
28009
58009
98009
88009
68009
06009
16009
26009
56009
96009
86009
66009
00109
10109
20109
50109
90109
80109
60109
01109
11109
21109
51109
91109
81109
61109
02109
12109
22109
52109
92109
82109
62109
05109
15109
25109
55109
95109
85109
65109
09109
19109
29109
59109
99109
89109
69109
08109
18109
28109
58109
98109
88109
68109
06109
16109
26109
56109
96109
86109
66109
00209
10209
20209
50209
90209
80209
60209
01209
11209
21209
51209
91209
81209
61209
02209
12209
22209
52209
92209
82209
62209
05209
15209
25209
55209
95209
85209
65209
09209
19209
29209
59209
99209
89209
69209
08209
18209
28209
58209
98209
88209
68209
06209
16209
26209
56209
96209
86209
66209
00509
10509
20509
50509
90509
80509
60509
01509
11509
21509
51509
91509
81509
61509
02509
12509
22509
52509
92509
82509
62509
05509
15509
25509
55509
95509
85509
65509
09509
19509
29509
59509
99509
89509
69509
08509
18509
28509
58509
98509
88509
68509
06509
16509
26509
56509
96509
86509
66509
00909
10909
20909
50909
90909
80909
60909
01909
11909
21909
51909
91909
81909
61909
02909
12909
22909
52909
92909
82909
62909
05909
15909
25909
55909
95909
85909
65909
09909
19909
29909
59909
99909
89909
69909
08909
18909
28909
58909
98909
88909
68909
06909
16909
26909
56909
96909
86909
66909
00809
10809
20809
50809
90809
80809
60809
01809
11809
21809
51809
91809
81809
61809
02809
12809
22809
52809
92809
82809
62809
05809
15809
25809
55809
95809
85809
65809
09809
19809
29809
59809
99809
89809
69809
08809
18809
28809
58809
98809
88809
68809
06809
16809
26809
56809
96809
86809
66809
00609
10609
20609
50609
90609
80609
60609
01609
11609
21609
51609
91609
81609
61609
02609
12609
22609
52609
92609
82609
62609
05609
15609
25609
55609
95609
85609
65609
09609
19609
29609
59609
99609
89609
69609
08609
18609
28609
58609
98609
88609
68609
06609
16609
26609
56609
96609
86609
66609
00019
10019
20019
50019
90019
80019
60019
01019
11019
21019
51019
91019
81019
61019
02019
12019
22019
52019
92019
82019
62019
05019
15019
25019
55019
95019
85019
65019
09019
19019
29019
59019
99019
89019
69019
08019
18019
28019
58019
98019
88019
68019
06019
16019
26019
56019
96019
86019
66019
00119
10119
20119
50119
90119
